Build started 3/29/2012 11:01:14 PM.
     1>Project "C:\Users\Xemenas\Documents\Console_Game_Physics\FlickrUploader\FlickrUploader\FlickrUploader.vcxproj" on node 2 (build target(s)).
     1>InitializeBuildStatus:
         Creating "Debug\FlickrUploader.unsuccessfulbuild" because "AlwaysCreate" was specified.
       GenerateTargetFrameworkMonikerAttribute:
       Skipping target "GenerateTargetFrameworkMonikerAttribute" because all output files are up-to-date with respect to the input files.
       ClCompile:
         All outputs are up-to-date.
         c:\Program Files (x86)\Microsoft Visual Studio 10.0\VC\bin\CL.exe /c /AI"C:\Program Files (x86)\Reference Assemblies\Microsoft\Framework\.NETFramework\v4.0" /Zi /clr /nologo /W3 /WX- /Od /Oy- /D WIN32 /D _DEBUG /D _WINDLL /D _UNICODE /D UNICODE /EHa /MDd /GS /fp:precise /Zc:wchar_t /Zc:forScope /Yu"StdAfx.h" /Fp"Debug\FlickrUploader.pch" /Fo"Debug\\" /Fd"Debug\vc100.pdb" /TP /FU"C:\Program Files (x86)\Reference Assemblies\Microsoft\Framework\.NETFramework\v4.0\System.Core.dll" /FU"C:\Program Files (x86)\Reference Assemblies\Microsoft\Framework\.NETFramework\v4.0\System.Data.dll" /FU"C:\Program Files (x86)\Reference Assemblies\Microsoft\Framework\.NETFramework\v4.0\System.dll" /FU"C:\Program Files (x86)\Reference Assemblies\Microsoft\Framework\.NETFramework\v4.0\System.Xml.dll" /analyze- /errorReport:prompt FlickrUploader.cpp /clr:nostdlib 
         FlickrUploader.cpp
         All outputs are up-to-date.
       ResourceCompile:
         All outputs are up-to-date.
       Link:
         c:\Program Files (x86)\Microsoft Visual Studio 10.0\VC\bin\link.exe /ERRORREPORT:PROMPT /OUT:"C:\Users\Xemenas\Documents\Console_Game_Physics\FlickrUploader\Debug\FlickrUploader.dll" /INCREMENTAL /NOLOGO /MANIFEST /ManifestFile:"Debug\FlickrUploader.dll.intermediate.manifest" /MANIFESTUAC:"level='asInvoker' uiAccess='false'" /DEBUG /PDB:"C:\Users\Xemenas\Documents\Console_Game_Physics\FlickrUploader\Debug\FlickrUploader.pdb" /ASSEMBLYDEBUG /TLBID:1 /DYNAMICBASE /FIXED:NO /NXCOMPAT /MACHINE:X86 /DLL Debug\app.res
         Debug\AssemblyInfo.obj
         Debug\FlickrUploader.obj
         Debug\Stdafx.obj
         "Debug\.NETFramework,Version=v4.0.AssemblyAttributes.obj"
         FlickrUploader.vcxproj -> C:\Users\Xemenas\Documents\Console_Game_Physics\FlickrUploader\Debug\FlickrUploader.dll
       Manifest:
         C:\Program Files (x86)\Microsoft SDKs\Windows\v7.0A\bin\mt.exe /nologo /verbose /outputresource:"C:\Users\Xemenas\Documents\Console_Game_Physics\FlickrUploader\Debug\FlickrUploader.dll;#2" /manifest Debug\FlickrUploader.dll.intermediate.manifest
       FinalizeBuildStatus:
         Deleting file "Debug\FlickrUploader.unsuccessfulbuild".
         Touching "Debug\FlickrUploader.lastbuildstate".
     1>Done Building Project "C:\Users\Xemenas\Documents\Console_Game_Physics\FlickrUploader\FlickrUploader\FlickrUploader.vcxproj" (build target(s)).

Build succeeded.

Time Elapsed 00:00:01.64
