Build started 3/29/2012 11:01:16 PM.
     1>Project "C:\Users\Xemenas\Documents\Console_Game_Physics\FlickrUploader\FlckrUpldrExample\FlckrUpldrExample.vcxproj" on node 3 (build target(s)).
     1>InitializeBuildStatus:
         Creating "Debug\FlckrUpldrExample.unsuccessfulbuild" because "AlwaysCreate" was specified.
       GenerateTargetFrameworkMonikerAttribute:
       Skipping target "GenerateTargetFrameworkMonikerAttribute" because all output files are up-to-date with respect to the input files.
       ClCompile:
         c:\Program Files (x86)\Microsoft Visual Studio 10.0\VC\bin\CL.exe /c /IC:\Users\Xemenas\Documents\Console_Game_Physics\FlickrUploader\flicUp /IC:\Users\Xemenas\Documents\Console_Game_Physics\FlickrUploader\FlickrUploader /AI"C:\Program Files (x86)\Reference Assemblies\Microsoft\Framework\.NETFramework\v4.0" /Zi /clr /nologo /W3 /WX- /Od /Oy- /D WIN32 /D _DEBUG /D _CONSOLE /D _UNICODE /D UNICODE /EHa /MDd /GS /fp:precise /Zc:wchar_t /Zc:forScope /Fo"Debug\\" /Fd"Debug\vc100.pdb" /TP /FUC:\Users\Xemenas\Documents\Console_Game_Physics\FlickrUploader\Debug\FlickrUploader.dll /FU"C:\Program Files (x86)\Reference Assemblies\Microsoft\Framework\.NETFramework\v4.0\System.Core.dll" /analyze- /errorReport:prompt main.cpp /clr:nostdlib 
         main.cpp
     1>c:\users\xemenas\documents\console_game_physics\flickruploader\flickruploader\md5.h(317): warning C4996: 'sprintf': This function or variable may be unsafe. Consider using sprintf_s instead. To disable deprecation, use _CRT_SECURE_NO_WARNINGS. See online help for details.
                 c:\Program Files (x86)\Microsoft Visual Studio 10.0\VC\include\stdio.h(371) : see declaration of 'sprintf'
     1>c:\users\xemenas\documents\console_game_physics\flickruploader\flickruploader\md5.h(339): warning C4996: 'fopen': This function or variable may be unsafe. Consider using fopen_s instead. To disable deprecation, use _CRT_SECURE_NO_WARNINGS. See online help for details.
                 c:\Program Files (x86)\Microsoft Visual Studio 10.0\VC\include\stdio.h(234) : see declaration of 'fopen'
         All outputs are up-to-date.
       Link:
         c:\Program Files (x86)\Microsoft Visual Studio 10.0\VC\bin\link.exe /ERRORREPORT:PROMPT /OUT:"C:\Users\Xemenas\Documents\Console_Game_Physics\FlickrUploader\Debug\FlckrUpldrExample.exe" /INCREMENTAL /NOLOGO /LIBPATH:C:\Users\Xemenas\Documents\Console_Game_Physics\FlickrUploader\FlickrUploader kernel32.lib user32.lib gdi32.lib winspool.lib comdlg32.lib advapi32.lib shell32.lib ole32.lib oleaut32.lib uuid.lib odbc32.lib odbccp32.lib /MANIFEST /ManifestFile:"Debug\FlckrUpldrExample.exe.intermediate.manifest" /MANIFESTUAC:"level='asInvoker' uiAccess='false'" /DEBUG /PDB:"C:\Users\Xemenas\Documents\Console_Game_Physics\FlickrUploader\Debug\FlckrUpldrExample.pdb" /ASSEMBLYDEBUG /SUBSYSTEM:CONSOLE /TLBID:1 /DYNAMICBASE /FIXED:NO /NXCOMPAT /MACHINE:X86 Debug\main.obj
         "Debug\.NETFramework,Version=v4.0.AssemblyAttributes.obj"
         FlckrUpldrExample.vcxproj -> C:\Users\Xemenas\Documents\Console_Game_Physics\FlickrUploader\Debug\FlckrUpldrExample.exe
       Manifest:
         C:\Program Files (x86)\Microsoft SDKs\Windows\v7.0A\bin\mt.exe /nologo /verbose /outputresource:"C:\Users\Xemenas\Documents\Console_Game_Physics\FlickrUploader\Debug\FlckrUpldrExample.exe;#1" /manifest Debug\FlckrUpldrExample.exe.intermediate.manifest
       FinalizeBuildStatus:
         Deleting file "Debug\FlckrUpldrExample.unsuccessfulbuild".
         Touching "Debug\FlckrUpldrExample.lastbuildstate".
     1>Done Building Project "C:\Users\Xemenas\Documents\Console_Game_Physics\FlickrUploader\FlckrUpldrExample\FlckrUpldrExample.vcxproj" (build target(s)).

Build succeeded.

Time Elapsed 00:00:01.75
